  [4;36;1mSQL (1.8ms)[0m   [0;1m SELECT name
 FROM sqlite_master
 WHERE type = 'table' AND NOT name = 'sqlite_sequence'
[0m
  [4;35;1mSQL (0.3ms)[0m   [0mselect sqlite_version(*)[0m
  [4;36;1mSQL (198.1ms)[0m   [0;1mCREATE TABLE "schema_migrations" ("version" varchar(255) NOT NULL) [0m
  [4;35;1mSQL (0.3ms)[0m   [0mPRAGMA index_list("schema_migrations")[0m
  [4;36;1mSQL (150.1ms)[0m   [0;1mCREATE UNIQUE INDEX "unique_schema_migrations" ON "schema_migrations" ("version")[0m
  [4;35;1mSQL (0.5ms)[0m   [0m SELECT name
 FROM sqlite_master
 WHERE type = 'table' AND NOT name = 'sqlite_sequence'
[0m
  [4;36;1mSQL (0.3ms)[0m   [0;1mSELECT version FROM schema_migrations[0m
Migrating to CreateProducts (20130707114940)
  [4;35;1mSQL (8.5ms)[0m   [0mCREATE TABLE "products" ("id" INTEGER PRIMARY KEY AUTOINCREMENT NOT NULL, "title" varchar(255), "description" text, "image_url" varchar(255), "created_at" datetime, "updated_at" datetime) [0m
  [4;36;1mSQL (4.1ms)[0m   [0;1mINSERT INTO schema_migrations (version) VALUES ('20130707114940')[0m
  [4;35;1mSQL (41.5ms)[0m   [0m SELECT name
 FROM sqlite_master
 WHERE type = 'table' AND NOT name = 'sqlite_sequence'
[0m
  [4;36;1mSQL (0.5ms)[0m   [0;1mSELECT version FROM schema_migrations[0m
  [4;35;1mSQL (0.6ms)[0m   [0m SELECT name
 FROM sqlite_master
 WHERE type = 'table' AND NOT name = 'sqlite_sequence'
[0m
  [4;36;1mSQL (0.4ms)[0m   [0;1mPRAGMA index_list("products")[0m
  [4;36;1mSQL (1.2ms)[0m   [0;1m SELECT name
 FROM sqlite_master
 WHERE type = 'table' AND NOT name = 'sqlite_sequence'
[0m
  [4;35;1mSQL (0.4ms)[0m   [0mSELECT version FROM schema_migrations[0m
Migrating to CreateProducts (20130707114940)
Migrating to AddPriceToProduct (20130707115030)
  [4;36;1mSQL (0.3ms)[0m   [0;1mselect sqlite_version(*)[0m
  [4;35;1mSQL (1.0ms)[0m   [0mALTER TABLE "products" ADD "price" decimal(8,2) DEFAULT 0[0m
  [4;36;1mSQL (0.2ms)[0m   [0;1mINSERT INTO schema_migrations (version) VALUES ('20130707115030')[0m
  [4;35;1mSQL (9.5ms)[0m   [0m SELECT name
 FROM sqlite_master
 WHERE type = 'table' AND NOT name = 'sqlite_sequence'
[0m
  [4;36;1mSQL (0.4ms)[0m   [0;1mSELECT version FROM schema_migrations[0m
  [4;35;1mSQL (0.8ms)[0m   [0m SELECT name
 FROM sqlite_master
 WHERE type = 'table' AND NOT name = 'sqlite_sequence'
[0m
  [4;36;1mSQL (0.2ms)[0m   [0;1mPRAGMA index_list("products")[0m


Processing ProductsController#new (for 127.0.0.1 at 2013-07-07 08:06:35) [GET]
Rendering template within layouts/products
Rendering products/new
Completed in 509ms (View: 484, DB: 0) | 200 OK [http://localhost/products/new]


Processing ProductsController#create (for 127.0.0.1 at 2013-07-07 08:06:56) [POST]
  Parameters: {"authenticity_token"=>"B72IDR4tng3bmlLyG/FxIFRGLg6A4c/caWw4+2jo5RU=", "product"=>{"price"=>"fafa", "image_url"=>"fafa", "title"=>"hhkkljkljlj", "description"=>"ahjky;rsjh,.7trdnsu6u .medruine"}, "commit"=>"Create"}
  [4;36;1mProduct Create (32.5ms)[0m   [0;1mINSERT INTO "products" ("price", "image_url", "updated_at", "title", "created_at", "description") VALUES(0.0, 'fafa', '2013-07-07 12:06:56', 'hhkkljkljlj', '2013-07-07 12:06:56', 'ahjky;rsjh,.7trdnsu6u .medruine')[0m
Redirected to http://localhost:3000/products/1
Completed in 1039ms (DB: 33) | 302 Found [http://localhost/products]


Processing ProductsController#show (for 127.0.0.1 at 2013-07-07 08:06:57) [GET]
  Parameters: {"id"=>"1"}
  [4;35;1mProduct Load (1.3ms)[0m   [0mSELECT * FROM "products" WHERE ("products"."id" = 1) [0m
Rendering template within layouts/products
Rendering products/show
Completed in 170ms (View: 118, DB: 1) | 200 OK [http://localhost/products/1]


Processing ProductsController#index (for 127.0.0.1 at 2013-07-07 08:07:02) [GET]
  [4;36;1mProduct Load (1.1ms)[0m   [0;1mSELECT * FROM "products" [0m
Rendering template within layouts/products
Rendering products/index
Completed in 190ms (View: 173, DB: 1) | 200 OK [http://localhost/products]


Processing ProductsController#new (for 127.0.0.1 at 2013-07-07 08:17:20) [GET]
Rendering template within layouts/products
Rendering products/new
Completed in 1451ms (View: 1307, DB: 0) | 200 OK [http://localhost/products/new]


Processing ProductsController#create (for 127.0.0.1 at 2013-07-07 08:17:51) [POST]
  Parameters: {"authenticity_token"=>"B72IDR4tng3bmlLyG/FxIFRGLg6A4c/caWw4+2jo5RU=", "product"=>{"price"=>"0.0", "image_url"=>"fada", "title"=>"gafda", "description"=>"fdafa"}, "commit"=>"Create"}
  [4;35;1mProduct Load (103.4ms)[0m   [0mSELECT "products".id FROM "products" WHERE ("products"."title" = 'gafda') LIMIT 1[0m
Rendering template within layouts/products
Rendering products/new
Completed in 1520ms (View: 602, DB: 103) | 200 OK [http://localhost/products]
  [4;36;1mSQL (25.6ms)[0m   [0;1m SELECT name
 FROM sqlite_master
 WHERE type = 'table' AND NOT name = 'sqlite_sequence'
[0m
  [4;35;1mSQL (0.4ms)[0m   [0mSELECT version FROM schema_migrations[0m
Migrating to CreateProducts (20130707114940)
Migrating to AddPriceToProduct (20130707115030)
Migrating to AddTestData (20130707122106)
  [4;36;1mSQL (0.2ms)[0m   [0;1mselect sqlite_version(*)[0m


Processing ProductsController#create (for 127.0.0.1 at 2013-07-07 08:40:06) [POST]
  Parameters: {"authenticity_token"=>"B72IDR4tng3bmlLyG/FxIFRGLg6A4c/caWw4+2jo5RU=", "product"=>{"price"=>"0.0", "image_url"=>"fada", "title"=>"gafda", "description"=>"fdafa"}, "commit"=>"Create"}
  [4;36;1mProduct Load (0.4ms)[0m   [0;1mSELECT "products".id FROM "products" WHERE ("products"."title" = 'gafda') LIMIT 1[0m
Rendering template within layouts/products
Rendering products/new
Completed in 1012ms (View: 373, DB: 0) | 200 OK [http://localhost/products]


Processing ProductsController#index (for 127.0.0.1 at 2013-07-07 08:40:28) [GET]
  [4;35;1mProduct Load (30.9ms)[0m   [0mSELECT * FROM "products" [0m
Rendering template within layouts/products
Rendering products/index
Completed in 656ms (View: 377, DB: 31) | 200 OK [http://localhost/products]


Processing ProductsController#new (for 127.0.0.1 at 2013-07-07 08:40:37) [GET]
Rendering template within layouts/products
Rendering products/new
Completed in 199ms (View: 108, DB: 0) | 200 OK [http://localhost/products/new]


Processing ProductsController#index (for 127.0.0.1 at 2013-07-07 08:44:25) [GET]
  [4;36;1mProduct Load (40.1ms)[0m   [0;1mSELECT * FROM "products" [0m
Rendering template within layouts/products
Rendering products/index
Completed in 440ms (View: 229, DB: 40) | 200 OK [http://localhost/products]


Processing ProductsController#index (for 127.0.0.1 at 2013-07-07 08:50:38) [GET]
  [4;35;1mProduct Load (354.0ms)[0m   [0mSELECT * FROM "products" [0m
Rendering template within layouts/products
Rendering products/index
Completed in 5551ms (View: 4389, DB: 354) | 200 OK [http://localhost/products]


Processing ApplicationController#index (for 127.0.0.1 at 2013-07-07 08:50:51) [GET]

ActionController::RoutingError (No route matches "/images/fafa" with {:method=>:get}):
  /usr/lib/ruby/1.8/webrick/httpserver.rb:104:in `service'
  /usr/lib/ruby/1.8/webrick/httpserver.rb:65:in `run'
  /usr/lib/ruby/1.8/webrick/server.rb:173:in `start_thread'
  /usr/lib/ruby/1.8/webrick/server.rb:162:in `start'
  /usr/lib/ruby/1.8/webrick/server.rb:162:in `start_thread'
  /usr/lib/ruby/1.8/webrick/server.rb:95:in `start'
  /usr/lib/ruby/1.8/webrick/server.rb:92:in `each'
  /usr/lib/ruby/1.8/webrick/server.rb:92:in `start'
  /usr/lib/ruby/1.8/webrick/server.rb:23:in `start'
  /usr/lib/ruby/1.8/webrick/server.rb:82:in `start'

Rendering rescues/layout (not_found)
  [4;36;1mSQL (120.2ms)[0m   [0;1m SELECT name
 FROM sqlite_master
 WHERE type = 'table' AND NOT name = 'sqlite_sequence'
[0m
  [4;35;1mSQL (0.5ms)[0m   [0mSELECT version FROM schema_migrations[0m
Migrating to CreateProducts (20130707114940)
Migrating to AddPriceToProduct (20130707115030)
Migrating to AddTestData (20130707122106)
  [4;36;1mSQL (0.3ms)[0m   [0;1mselect sqlite_version(*)[0m
  [4;36;1mSQL (2.1ms)[0m   [0;1m SELECT name
 FROM sqlite_master
 WHERE type = 'table' AND NOT name = 'sqlite_sequence'
[0m
  [4;35;1mSQL (0.3ms)[0m   [0mSELECT version FROM schema_migrations[0m
Migrating to CreateProducts (20130707114940)
Migrating to AddPriceToProduct (20130707115030)
Migrating to AddTestData (20130707122106)
  [4;36;1mSQL (11.0ms)[0m   [0;1mselect sqlite_version(*)[0m
  [4;35;1mProduct Delete all (32.2ms)[0m   [0mDELETE FROM "products" WHERE 1=1[0m
  [4;36;1mProduct Load (0.8ms)[0m   [0;1mSELECT "products".id FROM "products" WHERE ("products"."title" = 'Pragmatic Version Control') LIMIT 1[0m
  [4;35;1mProduct Create (101.2ms)[0m   [0mINSERT INTO "products" ("image_url", "updated_at", "price", "title", "created_at", "description") VALUES('/images/svn.jpg', '2013-07-07 12:54:08', 28.5, 'Pragmatic Version Control', '2013-07-07 12:54:08', '<p>
 This book is a recipe-based approach to using Subversion that will 
 get you up and running quickly---and correctly. All projects need
 version control: it''s a foundational piece of any project''s 
 infrastructure. Yet half of all project teams in the U.S. don''t use
 any version control at all. Many others don''t use it well, and end 
 up experiencing time-consuming problems.
 </p>')[0m
  [4;36;1mSQL (0.4ms)[0m   [0;1mINSERT INTO schema_migrations (version) VALUES ('20130707122106')[0m
  [4;35;1mSQL (0.6ms)[0m   [0m SELECT name
 FROM sqlite_master
 WHERE type = 'table' AND NOT name = 'sqlite_sequence'
[0m
  [4;36;1mSQL (0.7ms)[0m   [0;1mSELECT version FROM schema_migrations[0m
  [4;35;1mSQL (0.5ms)[0m   [0m SELECT name
 FROM sqlite_master
 WHERE type = 'table' AND NOT name = 'sqlite_sequence'
[0m
  [4;36;1mSQL (0.3ms)[0m   [0;1mPRAGMA index_list("products")[0m


Processing ProductsController#index (for 127.0.0.1 at 2013-07-07 08:54:21) [GET]
  [4;36;1mProduct Load (29.8ms)[0m   [0;1mSELECT * FROM "products" [0m
Rendering template within layouts/products
Rendering products/index
Completed in 226ms (View: 129, DB: 30) | 200 OK [http://localhost/products]


Processing ApplicationController#index (for 127.0.0.1 at 2013-07-07 08:56:53) [GET]

ActionController::RoutingError (No route matches "/store" with {:method=>:get}):
  /usr/lib/ruby/1.8/webrick/httpserver.rb:104:in `service'
  /usr/lib/ruby/1.8/webrick/httpserver.rb:65:in `run'
  /usr/lib/ruby/1.8/webrick/server.rb:173:in `start_thread'
  /usr/lib/ruby/1.8/webrick/server.rb:162:in `start'
  /usr/lib/ruby/1.8/webrick/server.rb:162:in `start_thread'
  /usr/lib/ruby/1.8/webrick/server.rb:95:in `start'
  /usr/lib/ruby/1.8/webrick/server.rb:92:in `each'
  /usr/lib/ruby/1.8/webrick/server.rb:92:in `start'
  /usr/lib/ruby/1.8/webrick/server.rb:23:in `start'
  /usr/lib/ruby/1.8/webrick/server.rb:82:in `start'

Rendering rescues/layout (not_found)


Processing ApplicationController#index (for 127.0.0.1 at 2013-07-07 08:58:12) [GET]

ActionController::RoutingError (No route matches "/store" with {:method=>:get}):
  /usr/lib/ruby/1.8/webrick/httpserver.rb:104:in `service'
  /usr/lib/ruby/1.8/webrick/httpserver.rb:65:in `run'
  /usr/lib/ruby/1.8/webrick/server.rb:173:in `start_thread'
  /usr/lib/ruby/1.8/webrick/server.rb:162:in `start'
  /usr/lib/ruby/1.8/webrick/server.rb:162:in `start_thread'
  /usr/lib/ruby/1.8/webrick/server.rb:95:in `start'
  /usr/lib/ruby/1.8/webrick/server.rb:92:in `each'
  /usr/lib/ruby/1.8/webrick/server.rb:92:in `start'
  /usr/lib/ruby/1.8/webrick/server.rb:23:in `start'
  /usr/lib/ruby/1.8/webrick/server.rb:82:in `start'

Rendering rescues/layout (not_found)


Processing StoreController#index (for 127.0.0.1 at 2013-07-07 09:21:32) [GET]
Rendering store/index
Completed in 794ms (View: 783, DB: 0) | 200 OK [http://localhost/store]


Processing StoreController#index (for 127.0.0.1 at 2013-07-08 10:42:41) [GET]
  [4;36;1mProduct Load (26.7ms)[0m   [0;1mSELECT * FROM "products" ORDER BY title[0m
Rendering store/index
Completed in 1085ms (View: 1014, DB: 27) | 200 OK [http://localhost/store]


Processing StoreController#index (for 127.0.0.1 at 2013-07-08 11:20:26) [GET]
  [4;35;1mProduct Load (1.7ms)[0m   [0mSELECT * FROM "products" ORDER BY title[0m
Rendering template within layouts/store
Rendering store/index
Completed in 368ms (View: 321, DB: 2) | 200 OK [http://localhost/store]


Processing StoreController#index (for 127.0.0.1 at 2013-07-09 11:22:16) [GET]
  [4;36;1mProduct Load (224.7ms)[0m   [0;1mSELECT * FROM "products" ORDER BY title[0m
Rendering template within layouts/store
Rendering store/index
Completed in 3027ms (View: 2706, DB: 225) | 200 OK [http://localhost/store]


Processing StoreController#index (for 127.0.0.1 at 2013-07-09 11:41:11) [GET]
  [4;35;1mProduct Load (4.3ms)[0m   [0mSELECT * FROM "products" ORDER BY title[0m
Rendering template within layouts/store
Rendering store/index
Completed in 1991ms (View: 1732, DB: 4) | 200 OK [http://localhost/store]


Processing StoreController#index (for 127.0.0.1 at 2013-07-09 11:42:19) [POST]
  Parameters: {"authenticity_token"=>"nV3RawORmxX9Nki1rzkuikPeWuGlCFl+643TWQq9fAk="}
  [4;36;1mProduct Load (46.0ms)[0m   [0;1mSELECT * FROM "products" ORDER BY title[0m
Rendering template within layouts/store
Rendering store/index
Completed in 1752ms (View: 1298, DB: 46) | 200 OK [http://localhost/store]


Processing StoreController#index (for 127.0.0.1 at 2013-07-10 10:43:10) [GET]
  [4;36;1mProduct Load (28.0ms)[0m   [0;1mSELECT * FROM "products" ORDER BY title[0m
Rendering template within layouts/store
Rendering store/index
Completed in 2013ms (View: 1945, DB: 28) | 200 OK [http://localhost/store]


Processing StoreController#index (for 127.0.0.1 at 2013-07-10 10:43:25) [POST]
  Parameters: {"authenticity_token"=>"SOGnDjFjhXiZdqCGOZqMxP12g0JAejIZ7Kp+pTQ2Sco="}
  [4;35;1mProduct Load (1.9ms)[0m   [0mSELECT * FROM "products" ORDER BY title[0m
Rendering template within layouts/store
Rendering store/index
Completed in 133ms (View: 28, DB: 2) | 200 OK [http://localhost/store]
  [4;36;1mSQL (51.4ms)[0m   [0;1m SELECT name
 FROM sqlite_master
 WHERE type = 'table' AND NOT name = 'sqlite_sequence'
[0m
  [4;35;1mSQL (0.4ms)[0m   [0mSELECT version FROM schema_migrations[0m
Migrating to CreateProducts (20130707114940)
Migrating to AddPriceToProduct (20130707115030)
Migrating to AddTestData (20130707122106)
Migrating to CreateSessions (20130710145358)
  [4;36;1mSQL (0.2ms)[0m   [0;1mselect sqlite_version(*)[0m
  [4;35;1mSQL (315.9ms)[0m   [0mCREATE TABLE "sessions" ("id" INTEGER PRIMARY KEY AUTOINCREMENT NOT NULL, "session_id" varchar(255) NOT NULL, "data" text, "created_at" datetime, "updated_at" datetime) [0m
  [4;36;1mSQL (0.1ms)[0m   [0;1mPRAGMA index_list("sessions")[0m
  [4;35;1mSQL (0.5ms)[0m   [0mCREATE INDEX "index_sessions_on_session_id" ON "sessions" ("session_id")[0m
  [4;36;1mSQL (0.2ms)[0m   [0;1mPRAGMA index_list("sessions")[0m
  [4;35;1mSQL (0.1ms)[0m   [0mPRAGMA index_info('index_sessions_on_session_id')[0m
  [4;36;1mSQL (0.4ms)[0m   [0;1mCREATE INDEX "index_sessions_on_updated_at" ON "sessions" ("updated_at")[0m
  [4;35;1mSQL (0.2ms)[0m   [0mINSERT INTO schema_migrations (version) VALUES ('20130710145358')[0m
  [4;36;1mSQL (0.8ms)[0m   [0;1m SELECT name
 FROM sqlite_master
 WHERE type = 'table' AND NOT name = 'sqlite_sequence'
[0m
  [4;35;1mSQL (0.8ms)[0m   [0mSELECT version FROM schema_migrations[0m
  [4;36;1mSQL (0.5ms)[0m   [0;1m SELECT name
 FROM sqlite_master
 WHERE type = 'table' AND NOT name = 'sqlite_sequence'
[0m
  [4;35;1mSQL (0.2ms)[0m   [0mPRAGMA index_list("products")[0m
  [4;36;1mSQL (0.4ms)[0m   [0;1mPRAGMA index_list("sessions")[0m
  [4;35;1mSQL (0.3ms)[0m   [0mPRAGMA index_info('index_sessions_on_updated_at')[0m
  [4;36;1mSQL (0.2ms)[0m   [0;1mPRAGMA index_info('index_sessions_on_session_id')[0m


Processing StoreController#index (for 127.0.0.1 at 2013-07-10 11:43:12) [POST]
  Parameters: {"authenticity_token"=>"SOGnDjFjhXiZdqCGOZqMxP12g0JAejIZ7Kp+pTQ2Sco="}
  [4;36;1mProduct Load (0.4ms)[0m   [0;1mSELECT * FROM "products" ORDER BY title[0m
Rendering template within layouts/store
Rendering store/index
Completed in 899ms (View: 180, DB: 1) | 200 OK [http://localhost/store]


Processing StoreController#index (for 127.0.0.1 at 2013-07-10 11:43:33) [POST]
  Parameters: {"authenticity_token"=>"SOGnDjFjhXiZdqCGOZqMxP12g0JAejIZ7Kp+pTQ2Sco="}
  [4;35;1mProduct Load (0.7ms)[0m   [0mSELECT * FROM "products" ORDER BY title[0m
Rendering template within layouts/store
Rendering store/index
Completed in 898ms (View: 64, DB: 12) | 200 OK [http://localhost/store]


Processing StoreController#add_to_cart (for 127.0.0.1 at 2013-07-10 11:43:41) [POST]
  Parameters: {"id"=>"2", "authenticity_token"=>"DxV8Uwd8Sx2cIR0BFZy8IgLD6NnD2CV3yQBA+QdmHB4="}
  [4;36;1mProduct Load (0.3ms)[0m   [0;1mSELECT * FROM "products" WHERE ("products"."id" = 2) [0m

ActionView::MissingTemplate (Missing template store/add_to_cart.erb in view path app/views):
  /usr/lib/ruby/1.8/webrick/httpserver.rb:104:in `service'
  /usr/lib/ruby/1.8/webrick/httpserver.rb:65:in `run'
  /usr/lib/ruby/1.8/webrick/server.rb:173:in `start_thread'
  /usr/lib/ruby/1.8/webrick/server.rb:162:in `start'
  /usr/lib/ruby/1.8/webrick/server.rb:162:in `start_thread'
  /usr/lib/ruby/1.8/webrick/server.rb:95:in `start'
  /usr/lib/ruby/1.8/webrick/server.rb:92:in `each'
  /usr/lib/ruby/1.8/webrick/server.rb:92:in `start'
  /usr/lib/ruby/1.8/webrick/server.rb:23:in `start'
  /usr/lib/ruby/1.8/webrick/server.rb:82:in `start'

Rendering rescues/layout (internal_server_error)


Processing StoreController#add_to_cart (for 127.0.0.1 at 2013-07-10 11:45:47) [POST]
  Parameters: {"id"=>"2", "authenticity_token"=>"DxV8Uwd8Sx2cIR0BFZy8IgLD6NnD2CV3yQBA+QdmHB4="}
  [4;35;1mProduct Load (0.5ms)[0m   [0mSELECT * FROM "products" WHERE ("products"."id" = 2) [0m
Rendering template within layouts/store
Rendering store/add_to_cart
Completed in 183ms (View: 123, DB: 2) | 200 OK [http://localhost/store/add_to_cart/2]


Processing StoreController#add_to_cart (for 127.0.0.1 at 2013-07-10 11:46:01) [POST]
  Parameters: {"id"=>"2", "authenticity_token"=>"DxV8Uwd8Sx2cIR0BFZy8IgLD6NnD2CV3yQBA+QdmHB4="}
  [4;36;1mProduct Load (0.4ms)[0m   [0;1mSELECT * FROM "products" WHERE ("products"."id" = 2) [0m
Rendering template within layouts/store
Rendering store/add_to_cart
Completed in 37ms (View: 10, DB: 5) | 200 OK [http://localhost/store/add_to_cart/2]


Processing StoreController#add_to_cart (for 127.0.0.1 at 2013-07-10 11:47:08) [POST]
  Parameters: {"id"=>"2", "authenticity_token"=>"DxV8Uwd8Sx2cIR0BFZy8IgLD6NnD2CV3yQBA+QdmHB4="}
  [4;35;1mProduct Load (0.6ms)[0m   [0mSELECT * FROM "products" WHERE ("products"."id" = 2) [0m
Rendering template within layouts/store
Rendering store/add_to_cart
Completed in 146ms (View: 43, DB: 2) | 200 OK [http://localhost/store/add_to_cart/2]
